Date/Time:       2022-07-13 11:30:45 
Command line:    /Users/sanjay/projects/python_coding/beeware/helloenv/bin/briefcase dev

OS Release:      Darwin 21.5.0
OS Version:      Darwin Kernel Version 21.5.0: Tue Apr 26 21:08:22 PDT 2022; root:xnu-8020.121.3~4/RELEASE_X86_64
Architecture:    x86_64
Platform:        macOS-10.16-x86_64-i386-64bit

Python exe:      /Users/sanjay/projects/python_coding/beeware/helloenv/bin/python3
Python version:  3.8.5 (default, Jul 21 2020, 10:42:08)  [Clang 11.0.0 (clang-1100.0.33.17)]
Virtual env:     True
Conda env:       False

Briefcase:       0.3.8
Target platform: macOS
Target format:   None

Environment Variables:
    DISPLAY=/private/tmp/com.apple.launchd.eh5itic71t/org.macosforge.xquartz:0
    HOME=/Users/sanjay
    LANG=en_US.UTF-8
    LOGNAME=sanjay
    OLDPWD=/Users/sanjay/projects/python_coding/beeware/hello/src
    PATH=/Users/sanjay/projects/python_coding/beeware/helloenv/bin:/anaconda3/bin:/usr/local/bin:/usr/bin:/bin:/usr/sbin:/sbin:/opt/X11/bin
    PS1=(helloenv) \h:\W \u\$ 
    PWD=/Users/sanjay/projects/python_coding/beeware/hello/src/hello
    SHELL=/bin/bash
    SHLVL=1
    SSH_AUTH_SOCK=/private/tmp/com.apple.launchd.89zTxiCzNZ/Listeners
    TERM=xterm-256color
    TERM_PROGRAM=Apple_Terminal
    TERM_PROGRAM_VERSION=445
    TERM_SESSION_ID=B2ECE56F-C179-49F1-B095-C4AF83998DE2
    TMPDIR=/var/folders/nb/_r202n4103x9d0brh9ddnh3r0000gn/T/
    USER=sanjay
    VIRTUAL_ENV=/Users/sanjay/projects/python_coding/beeware/helloenv
    XPC_FLAGS=0x0
    XPC_SERVICE_NAME=0
    _=/Users/sanjay/projects/python_coding/beeware/helloenv/bin/briefcase
    __CFBundleIdentifier=com.apple.Terminal
    __CF_USER_TEXT_ENCODING=0x1F5:0x0:0x0

Briefcase Log:
[11:30:45]                                                                                                                                                            __main__.py:21
           Briefcase configuration error: configuration file not found                                                                                                __main__.py:22

╭─────────────────────────────────────────────────────────────────────── Traceback (most recent call last) ────────────────────────────────────────────────────────────────────────╮
│ /Users/sanjay/projects/python_coding/beeware/helloenv/lib/python3.8/site-packages/briefcase/commands/base.py:436 in parse_config                                                 │
│                                                                                                                                                                                  │
│   433 │                                                                                       ╭─────────────────────────────── locals ───────────────────────────────╮           │
│   434 │   def parse_config(self, filename):                                                   │ filename = 'pyproject.toml'                                          │           │
│   435 │   │   try:                                                                            │     self = <briefcase.commands.dev.DevCommand object at 0x1040b2f70> │           │
│ ❱ 436 │   │   │   with open(filename, "rb") as config_file:                                   ╰──────────────────────────────────────────────────────────────────────╯           │
│   437 │   │   │   │   # Parse the content of the pyproject.toml file, extracting                                                                                                 │
│   438 │   │   │   │   # any platform and output format configuration for each app,                                                                                               │
│   439 │   │   │   │   # creating a single set of configuration options.                                                                                                          │
╰──────────────────────────────────────────────────────────────────────────────────────────────────────────────────────────────────────────────────────────────────────────────────╯
FileNotFoundError: [Errno 2] No such file or directory: 'pyproject.toml'

The above exception was the direct cause of the following exception:

╭─────────────────────────────────────────────────────────────────────── Traceback (most recent call last) ────────────────────────────────────────────────────────────────────────╮
│ /Users/sanjay/projects/python_coding/beeware/helloenv/lib/python3.8/site-packages/briefcase/__main__.py:13 in main                                                               │
│                                                                                                                                                                                  │
│   10 │   command = None                                                                      ╭────────────────────────────────── locals ──────────────────────────────────╮      │
│   11 │   try:                                                                                │ command = <briefcase.commands.dev.DevCommand object at 0x1040b2f70>        │      │
│   12 │   │   command, options = parse_cmdline(sys.argv[1:])                                  │       e = BriefcaseConfigError('configuration file not found')             │      │
│ ❱ 13 │   │   command.parse_config("pyproject.toml")                                          │     log = <briefcase.console.Log object at 0x1023e7610>                    │      │
│   14 │   │   command(**options)                                                              │ options = {'appname': None, 'update_dependencies': False, 'run_app': True} │      │
│   15 │   │   result = 0                                                                      │  result = 100                                                              │      │
│   16 │   except HelpText as e:                                                               ╰────────────────────────────────────────────────────────────────────────────╯      │
│                                                                                                                                                                                  │
│ /Users/sanjay/projects/python_coding/beeware/helloenv/lib/python3.8/site-packages/briefcase/commands/base.py:462 in parse_config                                                 │
│                                                                                                                                                                                  │
│   459 │   │   │   │   │   )                                                                   ╭─────────────────────────────── locals ───────────────────────────────╮           │
│   460 │   │                                                                                   │ filename = 'pyproject.toml'                                          │           │
│   461 │   │   except FileNotFoundError as e:                                                  │     self = <briefcase.commands.dev.DevCommand object at 0x1040b2f70> │           │
│ ❱ 462 │   │   │   raise BriefcaseConfigError("configuration file not found") from e           ╰──────────────────────────────────────────────────────────────────────╯           │
│   463 │                                                                                                                                                                          │
│   464 │   def download_url(self, url, download_path):                                                                                                                            │
│   465 │   │   """Download a given URL, caching it. If it has already been downloaded,                                                                                            │
╰──────────────────────────────────────────────────────────────────────────────────────────────────────────────────────────────────────────────────────────────────────────────────╯
BriefcaseConfigError: Briefcase configuration error: configuration file not found
